Arguments: 
  C:\Program Files\nodejs\node.exe C:\Users\augus\AppData\Roaming\npm\node_modules\yarn\bin\yarn.js add chalk

PATH: 
  C:\Users\augus\bin;C:\Program Files\Git\mingw64\bin;C:\Program Files\Git\usr\local\bin;C:\Program Files\Git\usr\bin;C:\Program Files\Git\usr\bin;C:\Program Files\Git\mingw64\bin;C:\Program Files\Git\usr\bin;C:\Users\augus\bin;C:\Program Files\nodejs;C:\Users\augus\AppData\Local\Programs\Microsoft VS Code\bin;C:\Users\augus\AppData\Local\Android\Sdk\platform-tools;C:\Users\augus\AppData\Local\Yarn\bin;C:\Windows\System32;C:\Users\augus\AppData\Roaming\npm;C:\Users\augus\AppData\Local\Programs\Python\Python310;C:\Program Files\heroku\bin;C:\Program Files\Git\usr\bin\vendor_perl;C:\Program Files\Git\usr\bin\core_perl

Yarn version: 
  1.22.18

Node version: 
  16.14.2

Platform: 
  win32 x64

Trace: 
  Error: connect ETIMEDOUT 104.16.20.35:443
      at TCPConnectWrap.afterConnect [as oncomplete] (node:net:1157:16)

npm manifest: 
  {
    "name": "todos",
    "version": "1.0.0",
    "main": "index.js",
    "license": "MIT"
  }

yarn manifest: 
  No manifest

Lockfile: 
  No lockfile
